08/15/2019 09:10:01 PM - LoginPage - INFO - Element Found with locator: Login and locatorType: linktext
08/15/2019 09:10:01 PM - LoginPage - INFO - Clicked on element with locator: Login and locatorType: linktext
08/15/2019 09:10:01 PM - LoginPage - DEBUG - element clicked;.;.;.;.;.
08/15/2019 09:10:09 PM - LoginPage - INFO - Element Found with locator: user_email and locatorType: id
08/15/2019 09:10:09 PM - LoginPage - INFO - Entering Data: test@email.com SUCCESSFULL to the locator: user_email and locatorTypeid
08/15/2019 09:10:09 PM - LoginPage - INFO - Element Found with locator: user_password and locatorType: id
08/15/2019 09:10:09 PM - LoginPage - INFO - Entering Data: abcabcxyz SUCCESSFULL to the locator: user_password and locatorTypeid
08/15/2019 09:10:09 PM - LoginPage - INFO - Element Found with locator: //input[@name='commit'] and locatorType: xpath
08/15/2019 09:10:12 PM - LoginPage - INFO - Clicked on element with locator: //input[@name='commit'] and locatorType: xpath
08/15/2019 09:10:12 PM - LoginPage - INFO - Element Found with locator: //div[contains(text(),'Invalid email or password.')] and locatorType: xpath
08/15/2019 09:10:12 PM - LoginPage - INFO - Element Found with locator: //div[contains(text(),'Invalid email or password.')] and locatorType: xpath
08/15/2019 09:10:15 PM - LoginPage - INFO - Element Found with locator: Login and locatorType: linktext
08/15/2019 09:10:15 PM - LoginPage - INFO - Clicked on element with locator: Login and locatorType: linktext
08/15/2019 09:10:15 PM - LoginPage - DEBUG - element clicked;.;.;.;.;.
08/15/2019 09:10:19 PM - LoginPage - INFO - Element Found with locator: user_email and locatorType: id
08/15/2019 09:10:19 PM - LoginPage - INFO - Entering Data: test@email.com SUCCESSFULL to the locator: user_email and locatorTypeid
08/15/2019 09:10:19 PM - LoginPage - INFO - Element Found with locator: user_password and locatorType: id
08/15/2019 09:10:19 PM - LoginPage - INFO - Entering Data: abcabc SUCCESSFULL to the locator: user_password and locatorTypeid
08/15/2019 09:10:19 PM - LoginPage - INFO - Element Found with locator: //input[@name='commit'] and locatorType: xpath
08/15/2019 09:10:24 PM - LoginPage - INFO - Clicked on element with locator: //input[@name='commit'] and locatorType: xpath
08/15/2019 09:10:24 PM - LoginPage - INFO - Element Found with locator: //*[@id='navbar']/div/div/div/ul/li[4]/a/span and locatorType: xpath
08/15/2019 09:10:24 PM - LoginPage - INFO - Element Found with locator: //*[@id='navbar']/div/div/div/ul/li[4]/a/span and locatorType: xpath
